<?xml version="1.0" encoding="UTF-8"?>
<testsuite name="TestSuite" time="71.129" tests="6" errors="0" skipped="0" failures="0">
  <properties>
[...]
</properties>
  <testcase name="verifyHomePageTitle" classname="com.zoopla.tests.ZooplaHomePageTests" time="0.014"/>
  <testcase name="printPricesDescending" classname="com.zoopla.tests.ZooplaSearchResultsTests" time="9.441"/>
  <testcase name="verifyAgentDetails" classname="com.zoopla.tests.ZooplaEndToEnd" time="14.001"/>
  <testcase name="verifyAgentDetails" classname="com.zoopla.tests.ZooplaEndToEnd" time="12.715"/>
  <testcase name="verifyAgentDetails" classname="com.zoopla.tests.ZooplaEndToEnd" time="17.317"/>
  <testcase name="verifyAgentDetails" classname="com.zoopla.tests.ZooplaEndToEnd" time="17.641"/>
</testsuite>