<?xml version="1.0" encoding="UTF-8"?>
<!-- Generated by org.testng.reporters.JUnitXMLReporter -->
<testsuite hostname="Rajs-MacBook-Air.local" ignored="0" name="AutomationChallenge" tests="3" failures="0" timestamp="2019-04-06T23:15:25 IST" time="60.122" errors="0">
  <testcase name="verifyHomePageTitle" time="0.025" classname="com.zoopla.tests.ZooplaHomePageTests"/>
  <testcase name="printPricesDescending" time="19.23" classname="com.zoopla.tests.ZooplaSearchResultsTests"/>
  <testcase name="verifyAgentDetails" time="13.216" classname="com.zoopla.tests.ZooplaEndToEnd"/>
</testsuite> <!-- AutomationChallenge -->
