<?xml version="1.0" encoding="UTF-8"?>
<!-- Generated by org.testng.reporters.JUnitXMLReporter -->
<testsuite hostname="Rajs-MacBook-Air.local" ignored="0" name="AutomationChallenge" tests="5" failures="0" timestamp="2019-04-07T11:44:51 IST" time="97.577" errors="0">
  <testcase name="verifyHomePageTitle" time="0.032" classname="com.zoopla.tests.ZooplaHomePageTests"/>
  <testcase name="printPricesDescending" time="10.175" classname="com.zoopla.tests.ZooplaSearchResultsTests"/>
  <testcase name="verifyAgentDetails" time="15.274" classname="com.zoopla.tests.ZooplaEndToEnd"/>
  <testcase name="verifyAgentDetails" time="16.765" classname="com.zoopla.tests.ZooplaEndToEnd"/>
  <testcase name="verifyAgentDetails" time="16.136" classname="com.zoopla.tests.ZooplaEndToEnd"/>
</testsuite> <!-- AutomationChallenge -->
