<?xml version="1.0" encoding="UTF-8"?>
<!-- Generated by org.testng.reporters.JUnitXMLReporter -->
<testsuite hostname="Rajs-MacBook-Air.local" ignored="0" name="AutomationChallenge" tests="6" failures="0" timestamp="2019-04-07T20:20:00 IST" time="128.195" errors="0">
  <testcase name="verifyHomePageTitle" time="0.013" classname="com.zoopla.tests.ZooplaHomePageTests"/>
  <testcase name="printPricesDescending" time="9.442" classname="com.zoopla.tests.ZooplaSearchResultsTests"/>
  <testcase name="verifyAgentDetails" time="14.001" classname="com.zoopla.tests.ZooplaEndToEnd"/>
  <testcase name="verifyAgentDetails" time="12.715" classname="com.zoopla.tests.ZooplaEndToEnd"/>
  <testcase name="verifyAgentDetails" time="17.316" classname="com.zoopla.tests.ZooplaEndToEnd"/>
  <testcase name="verifyAgentDetails" time="17.643" classname="com.zoopla.tests.ZooplaEndToEnd"/>
</testsuite> <!-- AutomationChallenge -->
