<?xml version="1.0" encoding="UTF-8"?>
<!-- Generated by org.testng.reporters.JUnitXMLReporter -->
<testsuite hostname="Rajs-MacBook-Air.local" ignored="0" name="AutomationChallenge" tests="5" failures="0" timestamp="2019-04-07T18:56:58 IST" time="118.897" errors="0">
  <testcase name="verifyHomePageTitle" time="0.017" classname="com.zoopla.tests.ZooplaHomePageTests"/>
  <testcase name="printPricesDescending" time="12.228" classname="com.zoopla.tests.ZooplaSearchResultsTests"/>
  <testcase name="verifyAgentDetails" time="17.617" classname="com.zoopla.tests.ZooplaEndToEnd"/>
  <testcase name="verifyAgentDetails" time="17.268" classname="com.zoopla.tests.ZooplaEndToEnd"/>
  <testcase name="verifyAgentDetails" time="17.403" classname="com.zoopla.tests.ZooplaEndToEnd"/>
</testsuite> <!-- AutomationChallenge -->
