<?xml version="1.0" encoding="UTF-8"?>
<testng-results skipped="0" failed="0" ignored="0" total="5" passed="5">
  <reporter-output>
  </reporter-output>
  <suite name="NaveenChallenge" duration-ms="97577" started-at="2019-04-07T11:43:13 IST" finished-at="2019-04-07T11:44:51 IST">
    <groups>
    </groups>
    <test name="AutomationChallenge" duration-ms="97577" started-at="2019-04-07T11:43:13 IST" finished-at="2019-04-07T11:44:51 IST">
      <class name="com.zoopla.tests.ZooplaEndToEnd">
        <test-method status="PASS" signature="setup()[pri:0, instance:com.zoopla.tests.ZooplaEndToEnd@61a485d2]" name="setup" is-config="true" duration-ms="7249" started-at="2019-04-07T11:43:43 IST" finished-at="2019-04-07T11:43:50 IST">
          <reporter-output>
          </reporter-output>
        </test-method> <!-- setup -->
        <test-method status="PASS" signature="verifyAgentDetails(java.lang.String, java.lang.String)[pri:1, instance:com.zoopla.tests.ZooplaEndToEnd@61a485d2]" name="verifyAgentDetails" duration-ms="15274" started-at="2019-04-07T11:43:50 IST" data-provider="getPropertyTestData" finished-at="2019-04-07T11:44:05 IST">
          <params>
            <param index="0">
              <value>
                <![CDATA[Oxford]]>
              </value>
            </param>
            <param index="1">
              <value>
                <![CDATA[7.0]]>
              </value>
            </param>
          </params>
          <reporter-output>
          </reporter-output>
        </test-method> <!-- verifyAgentDetails -->
        <test-method status="PASS" signature="end()[pri:0, instance:com.zoopla.tests.ZooplaEndToEnd@61a485d2]" name="end" is-config="true" duration-ms="340" started-at="2019-04-07T11:44:05 IST" finished-at="2019-04-07T11:44:06 IST">
          <reporter-output>
          </reporter-output>
        </test-method> <!-- end -->
        <test-method status="PASS" signature="setup()[pri:0, instance:com.zoopla.tests.ZooplaEndToEnd@61a485d2]" name="setup" is-config="true" duration-ms="4464" started-at="2019-04-07T11:44:06 IST" finished-at="2019-04-07T11:44:10 IST">
          <reporter-output>
          </reporter-output>
        </test-method> <!-- setup -->
        <test-method status="PASS" signature="verifyAgentDetails(java.lang.String, java.lang.String)[pri:1, instance:com.zoopla.tests.ZooplaEndToEnd@61a485d2]" name="verifyAgentDetails" duration-ms="16765" started-at="2019-04-07T11:44:10 IST" data-provider="getPropertyTestData" finished-at="2019-04-07T11:44:27 IST">
          <params>
            <param index="0">
              <value>
                <![CDATA[London]]>
              </value>
            </param>
            <param index="1">
              <value>
                <![CDATA[5.0]]>
              </value>
            </param>
          </params>
          <reporter-output>
          </reporter-output>
        </test-method> <!-- verifyAgentDetails -->
        <test-method status="PASS" signature="end()[pri:0, instance:com.zoopla.tests.ZooplaEndToEnd@61a485d2]" name="end" is-config="true" duration-ms="291" started-at="2019-04-07T11:44:27 IST" finished-at="2019-04-07T11:44:27 IST">
          <reporter-output>
          </reporter-output>
        </test-method> <!-- end -->
        <test-method status="PASS" signature="setup()[pri:0, instance:com.zoopla.tests.ZooplaEndToEnd@61a485d2]" name="setup" is-config="true" duration-ms="7260" started-at="2019-04-07T11:44:27 IST" finished-at="2019-04-07T11:44:34 IST">
          <reporter-output>
          </reporter-output>
        </test-method> <!-- setup -->
        <test-method status="PASS" signature="verifyAgentDetails(java.lang.String, java.lang.String)[pri:1, instance:com.zoopla.tests.ZooplaEndToEnd@61a485d2]" name="verifyAgentDetails" duration-ms="16136" started-at="2019-04-07T11:44:34 IST" data-provider="getPropertyTestData" finished-at="2019-04-07T11:44:51 IST">
          <params>
            <param index="0">
              <value>
                <![CDATA[Aberdeen]]>
              </value>
            </param>
            <param index="1">
              <value>
                <![CDATA[4.0]]>
              </value>
            </param>
          </params>
          <reporter-output>
          </reporter-output>
        </test-method> <!-- verifyAgentDetails -->
        <test-method status="PASS" signature="end()[pri:0, instance:com.zoopla.tests.ZooplaEndToEnd@61a485d2]" name="end" is-config="true" duration-ms="349" started-at="2019-04-07T11:44:51 IST" finished-at="2019-04-07T11:44:51 IST">
          <reporter-output>
          </reporter-output>
        </test-method> <!-- end -->
      </class> <!-- com.zoopla.tests.ZooplaEndToEnd -->
      <class name="com.zoopla.tests.ZooplaSearchResultsTests">
        <test-method status="PASS" signature="setup()[pri:0, instance:com.zoopla.tests.ZooplaSearchResultsTests@59e84876]" name="setup" is-config="true" duration-ms="7321" started-at="2019-04-07T11:43:25 IST" finished-at="2019-04-07T11:43:32 IST">
          <reporter-output>
          </reporter-output>
        </test-method> <!-- setup -->
        <test-method status="PASS" signature="printPricesDescending()[pri:1, instance:com.zoopla.tests.ZooplaSearchResultsTests@59e84876]" name="printPricesDescending" duration-ms="10175" started-at="2019-04-07T11:43:32 IST" finished-at="2019-04-07T11:43:42 IST">
          <reporter-output>
          </reporter-output>
        </test-method> <!-- printPricesDescending -->
        <test-method status="PASS" signature="end()[pri:0, instance:com.zoopla.tests.ZooplaSearchResultsTests@59e84876]" name="end" is-config="true" duration-ms="336" started-at="2019-04-07T11:43:42 IST" finished-at="2019-04-07T11:43:43 IST">
          <reporter-output>
          </reporter-output>
        </test-method> <!-- end -->
      </class> <!-- com.zoopla.tests.ZooplaSearchResultsTests -->
      <class name="com.zoopla.tests.ZooplaHomePageTests">
        <test-method status="PASS" signature="setup()[pri:0, instance:com.zoopla.tests.ZooplaHomePageTests@337d0578]" name="setup" is-config="true" duration-ms="11189" started-at="2019-04-07T11:43:13 IST" finished-at="2019-04-07T11:43:25 IST">
          <reporter-output>
          </reporter-output>
        </test-method> <!-- setup -->
        <test-method status="PASS" signature="verifyHomePageTitle()[pri:1, instance:com.zoopla.tests.ZooplaHomePageTests@337d0578]" name="verifyHomePageTitle" duration-ms="32" started-at="2019-04-07T11:43:25 IST" finished-at="2019-04-07T11:43:25 IST">
          <reporter-output>
          </reporter-output>
        </test-method> <!-- verifyHomePageTitle -->
        <test-method status="PASS" signature="end()[pri:0, instance:com.zoopla.tests.ZooplaHomePageTests@337d0578]" name="end" is-config="true" duration-ms="213" started-at="2019-04-07T11:43:25 IST" finished-at="2019-04-07T11:43:25 IST">
          <reporter-output>
          </reporter-output>
        </test-method> <!-- end -->
      </class> <!-- com.zoopla.tests.ZooplaHomePageTests -->
    </test> <!-- AutomationChallenge -->
  </suite> <!-- NaveenChallenge -->
</testng-results>
