<?xml version="1.0" encoding="UTF-8"?>
<!-- Generated by org.testng.reporters.JUnitXMLReporter -->
<testsuite hostname="Rajs-MacBook-Air.local" ignored="0" name="AutomationChallenge" tests="3" failures="0" timestamp="2019-04-06T22:48:26 IST" time="64.242" errors="0">
  <testcase name="verifyHomePageTitle" time="0.961" classname="com.zoopla.tests.ZooplaTests"/>
  <testcase name="printPricesDescending" time="15.069" classname="com.zoopla.tests.ZooplaTests"/>
  <testcase name="verifyAgentDetails" time="22.098" classname="com.zoopla.tests.ZooplaTests"/>
</testsuite> <!-- AutomationChallenge -->
